    1  ping 172.20.25.9
    2  passwd
    3  wget www.github.com
    4  ls
    5  vi
    6  vi test.txt
    7  git clone git@github.com:CS131-BigDataProcessing/CS131_fa24_datafiles.git
    8  insights-client --register
    9  vi
   10  mkdir <kuznetsovaF_A4_shell>
   11  mkdir<kuznetsovaF_A4_shell>
   12  ls
   13  cd ~
   14  mkdir <kuznetsovaF_A4_shell>
   15  vi mkdir <kuznetsovaF_A4_shell>
   16  mkdir kuznetsovaF_A4_shell
   17  cd kuznetsovaF_A4_shell/
   18  cp class_practice.sh
   19  vi class_practice.sh
   20  sh class_practice.sh Masha
   21  cd ~
   22  ls
   23  $ mkdir -p ~/.vim ~/.vim/autoload ~/.vim/backup ~/.vim/colors ~/.vim/plugged
   24  mkdir -p ~/.vim ~/.vim/autoload ~/.vim/backup ~/.vim/colors ~/.vim/plugged
   25  vi ~/.vimrc
   26  cd kuznetsovaF_A4_shell/
   27  cd
   28  ls
   29  vi ~/.vimrc
   30  vi kuznetsovaF_A4_shell/
   31  $printenv
   32  $printenv HOME
   33  echo $HOME
   34  $ my_varaible=”Hello, I am your variable”
   35  $ echo $my_varaible
   36  Hello, I am your variable
   37  $ exit
   38  exit
   39  $ my_variable = "Hello, I am your variable."
   40  $vi~/.bash_profile
   41  $printenv
   42  ls
   43  echo $HOME
   44  $printenv HOME
   45  $printenv $HOME
   46  mkdir kuznetsovaFI_A4
   47  cd kuznetsovaFI_A4
   48  cd kuznetsovaFI_A4/
   49  vi echoing.sh
   50  who
   51  date
   52  $HOME
   53  $USER
   54  USER
   55  cd ~
   56  $USER
   57  cd kuznetsovaFI_A4/
   58  $VARIABLE
   59  $V<ARIABLE>
   60  $<VARIABLE>
   61  $VARIABLE
   62  $USER
   63  vi echoing.sh 
   64  echoing.sh
   65  $ sh echoing.sh 
   66  sh echoing.sh 
   67  vi echoing.sh 
   68  sh echoing.sh 
   69  vi echoing.sh 
   70  $USERNAME
   71  vi echoing.sh 
   72  sh echoing.sh 
   73  vi echoing.sh 
   74  sh echoing.sh 
   75  vi echoing.sh 
   76  sh echoing.sh 
   77  vi echoing.sh 
   78  git clone gh repo clone CS131-BigDataProcessing/CS131_fa24_datafiles
   79  gh repo clone CS131-BigDataProcessing/CS131_fa24_datafiles
   80  git clone https://github.com/CS131-BigDataProcessing/CS131_fa24_datafiles.git
   81  pull Lec02/goodluck.txt
   82  ls
   83  cd CS131_fa24_datafiles/
   84  pulldown Lec02/goodluck.txt 
   85  pull Lec02/goodluck.txt 
   86  git pull Lec02/goodluck.txt 
   87  cd Lec02
   88  pull goodluck.txt 
   89  vi goodluck.txt 
   90  grep "Good luck, babe " goodluck.txt 
   91  wc -l -w grep "Good luck, babe " goodluck.txt 
   92  grep "Good luck, babe " goodluck.txt | wc -w -l
   93  grep "Good luck, babe " goodluck.txt | wc -L -W
   94  grep "Good luck, babe " goodluck.txt | wc -l -w
   95  grep "Good luck, babe " goodluck.txt | wc -l -w > kuznetsova-m_a2_counts.txt
   96  vi kuznetsova-m_a2_counts.txt 
   97  history > kuznetsova-m_a2_cmds.log
